<?xml version="1.0" encoding="UTF-8"?>
<testsuite xmlns:xsi="http://www.w3.org/2001/XMLSchema-instance" xsi:noNamespaceSchemaLocation="https://maven.apache.org/surefire/maven-surefire-plugin/xsd/surefire-test-report.xsd" name="GQTest" time="0.017" tests="6" errors="0" skipped="0" failures="0">
  <properties>
[...]
</properties>
  <testcase name="testCharacter" classname="GQTest" time="0.009"/>
  <testcase name="testEnqueueDequeueBoolean" classname="GQTest" time="0"/>
  <testcase name="testEnqueueDequeueInteger" classname="GQTest" time="0.002"/>
  <testcase name="testDouble" classname="GQTest" time="0.001"/>
  <testcase name="testEnqueueDequeueString" classname="GQTest" time="0"/>
  <testcase name="testIterator" classname="GQTest" time="0"/>
</testsuite>