<?xml version="1.0" encoding="UTF-8"?>
<testsuite xmlns:xsi="http://www.w3.org/2001/XMLSchema-instance" xsi:noNamespaceSchemaLocation="https://maven.apache.org/surefire/maven-surefire-plugin/xsd/surefire-test-report.xsd" name="HMTest" time="0.013" tests="1" errors="1" skipped="0" failures="0">
  <properties>
[...]
</properties>
  <testcase name="testPutGet" classname="HMTest" time="0.01">
    <error message="Cannot invoke &quot;java.util.ArrayList.size()&quot; because &quot;this.myMap&quot; is null" type="java.lang.NullPointerException">java.lang.NullPointerException: Cannot invoke "java.util.ArrayList.size()" because "this.myMap" is null
	at HMTest.testPutGet(HMTest.java:32)
</error>
  </testcase>
</testsuite>